# JRE version: Java(TM) SE Runtime Environment (8.0_171-b11) (build 1.8.0_171-b11)
# Java VM: Java HotSpot(TM) 64-Bit Server VM (25.171-b11 mixed mode windows-amd64 compressed oops)
Heap:
 PSYoungGen      total 211456K, used 79765K [0x00000000d6300000, 0x00000000f5f00000, 0x0000000100000000)
  eden space 210944K, 37% used [0x00000000d6300000,0x00000000db0dd568,0x00000000e3100000)
  from space 512K, 6% used [0x00000000f5e80000,0x00000000f5e88010,0x00000000f5f00000)
  to   space 6144K, 0% used [0x00000000f5300000,0x00000000f5300000,0x00000000f5900000)
 ParOldGen       total 86016K, used 4503K [0x0000000082800000, 0x0000000087c00000, 0x00000000d6300000)
  object space 86016K, 5% used [0x0000000082800000,0x0000000082c65c48,0x0000000087c00000)
 Metaspace       used 8008K, capacity 8118K, committed 8192K, reserved 1056768K
  class space    used 939K, capacity 963K, committed 1024K, reserved 1048576K
GC Heap History (10 events):
Event: 7.756 GC heap before
{Heap before GC invocations=8 (full 0):
 PSYoungGen      total 267264K, used 262368K [0x00000000d6300000, 0x00000000f6f00000, 0x0000000100000000)
  eden space 262144K, 100% used [0x00000000d6300000,0x00000000e6300000,0x00000000e6300000)
  from space 5120K, 4% used [0x00000000e6300000,0x00000000e6338010,0x00000000e6800000)
  to   space 6144K, 0% used [0x00000000f6900000,0x00000000f6900000,0x00000000f6f00000)
 ParOldGen       total 86016K, used 1356K [0x0000000082800000, 0x0000000087c00000, 0x00000000d6300000)
  object space 86016K, 1% used [0x0000000082800000,0x00000000829533c0,0x0000000087c00000)
 Metaspace       used 6963K, capacity 7066K, committed 7296K, reserved 1056768K
  class space    used 819K, capacity 857K, committed 896K, reserved 1048576K
Event: 7.760 GC heap after
Heap after GC invocations=8 (full 0):
 PSYoungGen      total 254464K, used 3079K [0x00000000d6300000, 0x00000000f6c80000, 0x0000000100000000)
  eden space 250880K, 0% used [0x00000000d6300000,0x00000000d6300000,0x00000000e5800000)
  from space 3584K, 85% used [0x00000000f6900000,0x00000000f6c01c70,0x00000000f6c80000)
  to   space 6144K, 0% used [0x00000000f6080000,0x00000000f6080000,0x00000000f6680000)
 ParOldGen       total 86016K, used 1364K [0x0000000082800000, 0x0000000087c00000, 0x00000000d6300000)
  object space 86016K, 1% used [0x0000000082800000,0x00000000829553c0,0x0000000087c00000)
 Metaspace       used 6963K, capacity 7066K, committed 7296K, reserved 1056768K
  class space    used 819K, capacity 857K, committed 896K, reserved 1048576K
}
Event: 10.051 GC heap before
{Heap before GC invocations=9 (full 0):
 PSYoungGen      total 254464K, used 253959K [0x00000000d6300000, 0x00000000f6c80000, 0x0000000100000000)
  eden space 250880K, 100% used [0x00000000d6300000,0x00000000e5800000,0x00000000e5800000)
  from space 3584K, 85% used [0x00000000f6900000,0x00000000f6c01c70,0x00000000f6c80000)
  to   space 6144K, 0% used [0x00000000f6080000,0x00000000f6080000,0x00000000f6680000)
 ParOldGen       total 86016K, used 1364K [0x0000000082800000, 0x0000000087c00000, 0x00000000d6300000)
  object space 86016K, 1% used [0x0000000082800000,0x00000000829553c0,0x0000000087c00000)
 Metaspace       used 6963K, capacity 7066K, committed 7296K, reserved 1056768K
  class space    used 819K, capacity 857K, committed 896K, reserved 1048576K
Event: 10.055 GC heap after
Heap after GC invocations=9 (full 0):
 PSYoungGen      total 243200K, used 2867K [0x00000000d6300000, 0x00000000f6980000, 0x0000000100000000)
  eden space 240128K, 0% used [0x00000000d6300000,0x00000000d6300000,0x00000000e4d80000)
  from space 3072K, 93% used [0x00000000f6080000,0x00000000f634ce40,0x00000000f6380000)
  to   space 5632K, 0% used [0x00000000f6400000,0x00000000f6400000,0x00000000f6980000)
 ParOldGen       total 86016K, used 1404K [0x0000000082800000, 0x0000000087c00000, 0x00000000d6300000)
  object space 86016K, 1% used [0x0000000082800000,0x000000008295f3d0,0x0000000087c00000)
 Metaspace       used 6963K, capacity 7066K, committed 7296K, reserved 1056768K
  class space    used 819K, capacity 857K, committed 896K, reserved 1048576K
}
Event: 12.138 GC heap before
{Heap before GC invocations=10 (full 0):
 PSYoungGen      total 243200K, used 242995K [0x00000000d6300000, 0x00000000f6980000, 0x0000000100000000)
  eden space 240128K, 100% used [0x00000000d6300000,0x00000000e4d80000,0x00000000e4d80000)
  from space 3072K, 93% used [0x00000000f6080000,0x00000000f634ce40,0x00000000f6380000)
  to   space 5632K, 0% used [0x00000000f6400000,0x00000000f6400000,0x00000000f6980000)
 ParOldGen       total 86016K, used 1404K [0x0000000082800000, 0x0000000087c00000, 0x00000000d6300000)
  object space 86016K, 1% used [0x0000000082800000,0x000000008295f3d0,0x0000000087c00000)
 Metaspace       used 7018K, capacity 7142K, committed 7296K, reserved 1056768K
  class space    used 825K, capacity 859K, committed 896K, reserved 1048576K
Event: 12.139 GC heap after
Heap after GC invocations=10 (full 0):
 PSYoungGen      total 230400K, used 192K [0x00000000d6300000, 0x00000000f6480000, 0x0000000100000000)
  eden space 229888K, 0% used [0x00000000d6300000,0x00000000d6300000,0x00000000e4380000)
  from space 512K, 37% used [0x00000000f6400000,0x00000000f6430010,0x00000000f6480000)
  to   space 6144K, 0% used [0x00000000f5880000,0x00000000f5880000,0x00000000f5e80000)
 ParOldGen       total 86016K, used 1752K [0x0000000082800000, 0x0000000087c00000, 0x00000000d6300000)
  object space 86016K, 2% used [0x0000000082800000,0x00000000829b6200,0x0000000087c00000)
 Metaspace       used 7018K, capacity 7142K, committed 7296K, reserved 1056768K
  class space    used 825K, capacity 859K, committed 896K, reserved 1048576K
}
Event: 14.364 GC heap before
{Heap before GC invocations=11 (full 0):
 PSYoungGen      total 230400K, used 230080K [0x00000000d6300000, 0x00000000f6480000, 0x0000000100000000)
  eden space 229888K, 100% used [0x00000000d6300000,0x00000000e4380000,0x00000000e4380000)
  from space 512K, 37% used [0x00000000f6400000,0x00000000f6430010,0x00000000f6480000)
  to   space 6144K, 0% used [0x00000000f5880000,0x00000000f5880000,0x00000000f5e80000)
 ParOldGen       total 86016K, used 1752K [0x0000000082800000, 0x0000000087c00000, 0x00000000d6300000)
  object space 86016K, 2% used [0x0000000082800000,0x00000000829b6200,0x0000000087c00000)
 Metaspace       used 7035K, capacity 7160K, committed 7296K, reserved 1056768K
  class space    used 827K, capacity 862K, committed 896K, reserved 1048576K
Event: 14.369 GC heap after
Heap after GC invocations=11 (full 0):
 PSYoungGen      total 226304K, used 2910K [0x00000000d6300000, 0x00000000f6480000, 0x0000000100000000)
  eden space 220160K, 0% used [0x00000000d6300000,0x00000000d6300000,0x00000000e3a00000)
  from space 6144K, 47% used [0x00000000f5880000,0x00000000f5b57a38,0x00000000f5e80000)
  to   space 6144K, 0% used [0x00000000f5e80000,0x00000000f5e80000,0x00000000f6480000)
 ParOldGen       total 86016K, used 1824K [0x0000000082800000, 0x0000000087c00000, 0x00000000d6300000)
  object space 86016K, 2% used [0x0000000082800000,0x00000000829c8210,0x0000000087c00000)
 Metaspace       used 7035K, capacity 7160K, committed 7296K, reserved 1056768K
  class space    used 827K, capacity 862K, committed 896K, reserved 1048576K
}
Event: 16.456 GC heap before
{Heap before GC invocations=12 (full 0):
 PSYoungGen      total 226304K, used 223070K [0x00000000d6300000, 0x00000000f6480000, 0x0000000100000000)
  eden space 220160K, 100% used [0x00000000d6300000,0x00000000e3a00000,0x00000000e3a00000)
  from space 6144K, 47% used [0x00000000f5880000,0x00000000f5b57a38,0x00000000f5e80000)
  to   space 6144K, 0% used [0x00000000f5e80000,0x00000000f5e80000,0x00000000f6480000)
 ParOldGen       total 86016K, used 1824K [0x0000000082800000, 0x0000000087c00000, 0x00000000d6300000)
  object space 86016K, 2% used [0x0000000082800000,0x00000000829c8210,0x0000000087c00000)
 Metaspace       used 7035K, capacity 7160K, committed 7296K, reserved 1056768K
  class space    used 827K, capacity 862K, committed 896K, reserved 1048576K
Event: 16.460 GC heap after
Heap after GC invocations=12 (full 0):
 PSYoungGen      total 211456K, used 32K [0x00000000d6300000, 0x00000000f5f00000, 0x0000000100000000)
  eden space 210944K, 0% used [0x00000000d6300000,0x00000000d6300000,0x00000000e3100000)
  from space 512K, 6% used [0x00000000f5e80000,0x00000000f5e88010,0x00000000f5f00000)
  to   space 6144K, 0% used [0x00000000f5300000,0x00000000f5300000,0x00000000f5900000)
 ParOldGen       total 86016K, used 4503K [0x0000000082800000, 0x0000000087c00000, 0x00000000d6300000)
  object space 86016K, 5% used [0x0000000082800000,0x0000000082c65c48,0x0000000087c00000)
 Metaspace       used 7035K, capacity 7160K, committed 7296K, reserved 1056768K
  class space    used 827K, capacity 862K, committed 896K, reserved 1048576K
}

